<?xml version="1.0" encoding="UTF-8"?>
<!-- Generated by org.testng.reporters.JUnitXMLReporter -->
<testsuite hostname="48Z0TT3" failures="1" tests="7" name="opencart1" time="53.465" errors="0" timestamp="14 Apr 2024 13:59:08 GMT">
  <testcase classname="login.LoginTests" name="test01LoginCustomerSuccessfully" time="1.864"/>
  <testcase classname="login.LoginTests" name="test02ExpectedLoginPageWhenBrowserBackButtonAfterLogout" time="3.528"/>
  <testcase classname="login.LoginTests" name="test03ExpectedWarningMessageWhenLoginCustomerWithInvalidPassword" time="1.221"/>
  <testcase classname="login.LoginTests" name="test04ExpectedWarningMessageWhenLoginCustomerWithInvalidUsername" time="1.167"/>
  <testcase classname="login.LoginTests" name="test05ExpectedWarningMessageWhenLoginCustomerWithEmptyUsername" time="1.181"/>
  <testcase classname="login.LoginTests" name="test06ExpectedWarningMessageWhenLoginCustomerWithEmptyPassword" time="1.163"/>
  <testcase classname="login.LoginTests" name="test07ExpectedWarningMessageWhenLoginCustomerWithInvalidCredentialsMultipleTimes" time="0.784">
    <failure type="java.lang.AssertionError" message="Error in the expected message for wrong login expected [Warning: Your account has exceeded allowed number of login attempts. Please try again in 1 hour.] but found [Warning: No match for E-Mail Address and/or Password.]">
      <![CDATA[java.lang.AssertionError: Error in the expected message for wrong login expected [Warning: Your account has exceeded allowed number of login attempts. Please try again in 1 hour.] but found [Warning: No match for E-Mail Address and/or Password.]
	at login.LoginTests.test07ExpectedWarningMessageWhenLoginCustomerWithInvalidCredentialsMultipleTimes(LoginTests.java:121)
	at com.intellij.rt.testng.IDEARemoteTestNG.run(IDEARemoteTestNG.java:66)
	at com.intellij.rt.testng.RemoteTestNGStarter.main(RemoteTestNGStarter.java:105)
... Removed 23 stack frames]]>
    </failure>
  </testcase> <!-- test07ExpectedWarningMessageWhenLoginCustomerWithInvalidCredentialsMultipleTimes -->
</testsuite> <!-- opencart1 -->
