<?xml version="1.0" encoding="UTF-8"?>
<testng-results total="7" passed="6" failed="1" skipped="0">
  <reporter-output>
  </reporter-output>
  <suite started-at="2024-04-14T13:58:15Z" name="Default Suite" finished-at="2024-04-14T13:59:08Z" duration-ms="53465">
    <groups>
    </groups>
    <test started-at="2024-04-14T13:58:15Z" name="opencart1" finished-at="2024-04-14T13:59:08Z" duration-ms="53465">
      <class name="login.LoginTests">
        <test-method is-config="true" signature="setUp()[pri:0, instance:login.LoginTests@4f74980d]" started-at="2024-04-14T10:58:15Z" name="setUp" finished-at="2024-04-14T10:58:22Z" duration-ms="7060" status="PASS">
          <reporter-output>
          </reporter-output>
        </test-method> <!-- setUp -->
        <test-method signature="test01LoginCustomerSuccessfully()[pri:0, instance:login.LoginTests@4f74980d]" started-at="2024-04-14T10:58:22Z" name="test01LoginCustomerSuccessfully" finished-at="2024-04-14T10:58:24Z" duration-ms="1864" status="PASS">
          <reporter-output>
          </reporter-output>
        </test-method> <!-- test01LoginCustomerSuccessfully -->
        <test-method is-config="true" signature="tearDown()[pri:0, instance:login.LoginTests@4f74980d]" started-at="2024-04-14T10:58:24Z" name="tearDown" finished-at="2024-04-14T10:58:24Z" duration-ms="367" status="PASS">
          <reporter-output>
          </reporter-output>
        </test-method> <!-- tearDown -->
        <test-method is-config="true" signature="setUp()[pri:0, instance:login.LoginTests@4f74980d]" started-at="2024-04-14T10:58:24Z" name="setUp" finished-at="2024-04-14T10:58:29Z" duration-ms="4946" status="PASS">
          <reporter-output>
          </reporter-output>
        </test-method> <!-- setUp -->
        <test-method signature="test02ExpectedLoginPageWhenBrowserBackButtonAfterLogout()[pri:0, instance:login.LoginTests@4f74980d]" started-at="2024-04-14T10:58:29Z" name="test02ExpectedLoginPageWhenBrowserBackButtonAfterLogout" finished-at="2024-04-14T10:58:32Z" duration-ms="3528" status="PASS">
          <reporter-output>
          </reporter-output>
        </test-method> <!-- test02ExpectedLoginPageWhenBrowserBackButtonAfterLogout -->
        <test-method is-config="true" signature="tearDown()[pri:0, instance:login.LoginTests@4f74980d]" started-at="2024-04-14T10:58:32Z" name="tearDown" finished-at="2024-04-14T10:58:33Z" duration-ms="403" status="PASS">
          <reporter-output>
          </reporter-output>
        </test-method> <!-- tearDown -->
        <test-method is-config="true" signature="setUp()[pri:0, instance:login.LoginTests@4f74980d]" started-at="2024-04-14T10:58:33Z" name="setUp" finished-at="2024-04-14T10:58:39Z" duration-ms="6204" status="PASS">
          <reporter-output>
          </reporter-output>
        </test-method> <!-- setUp -->
        <test-method signature="test03ExpectedWarningMessageWhenLoginCustomerWithInvalidPassword()[pri:0, instance:login.LoginTests@4f74980d]" started-at="2024-04-14T10:58:39Z" name="test03ExpectedWarningMessageWhenLoginCustomerWithInvalidPassword" finished-at="2024-04-14T10:58:40Z" duration-ms="1221" status="PASS">
          <reporter-output>
          </reporter-output>
        </test-method> <!-- test03ExpectedWarningMessageWhenLoginCustomerWithInvalidPassword -->
        <test-method is-config="true" signature="tearDown()[pri:0, instance:login.LoginTests@4f74980d]" started-at="2024-04-14T10:58:40Z" name="tearDown" finished-at="2024-04-14T10:58:41Z" duration-ms="325" status="PASS">
          <reporter-output>
          </reporter-output>
        </test-method> <!-- tearDown -->
        <test-method is-config="true" signature="setUp()[pri:0, instance:login.LoginTests@4f74980d]" started-at="2024-04-14T10:58:41Z" name="setUp" finished-at="2024-04-14T10:58:46Z" duration-ms="5131" status="PASS">
          <reporter-output>
          </reporter-output>
        </test-method> <!-- setUp -->
        <test-method signature="test04ExpectedWarningMessageWhenLoginCustomerWithInvalidUsername()[pri:0, instance:login.LoginTests@4f74980d]" started-at="2024-04-14T10:58:46Z" name="test04ExpectedWarningMessageWhenLoginCustomerWithInvalidUsername" finished-at="2024-04-14T10:58:47Z" duration-ms="1167" status="PASS">
          <reporter-output>
          </reporter-output>
        </test-method> <!-- test04ExpectedWarningMessageWhenLoginCustomerWithInvalidUsername -->
        <test-method is-config="true" signature="tearDown()[pri:0, instance:login.LoginTests@4f74980d]" started-at="2024-04-14T10:58:47Z" name="tearDown" finished-at="2024-04-14T10:58:47Z" duration-ms="203" status="PASS">
          <reporter-output>
          </reporter-output>
        </test-method> <!-- tearDown -->
        <test-method is-config="true" signature="setUp()[pri:0, instance:login.LoginTests@4f74980d]" started-at="2024-04-14T10:58:47Z" name="setUp" finished-at="2024-04-14T10:58:54Z" duration-ms="6540" status="PASS">
          <reporter-output>
          </reporter-output>
        </test-method> <!-- setUp -->
        <test-method signature="test05ExpectedWarningMessageWhenLoginCustomerWithEmptyUsername()[pri:0, instance:login.LoginTests@4f74980d]" started-at="2024-04-14T10:58:54Z" name="test05ExpectedWarningMessageWhenLoginCustomerWithEmptyUsername" finished-at="2024-04-14T10:58:55Z" duration-ms="1181" status="PASS">
          <reporter-output>
          </reporter-output>
        </test-method> <!-- test05ExpectedWarningMessageWhenLoginCustomerWithEmptyUsername -->
        <test-method is-config="true" signature="tearDown()[pri:0, instance:login.LoginTests@4f74980d]" started-at="2024-04-14T10:58:55Z" name="tearDown" finished-at="2024-04-14T10:58:55Z" duration-ms="290" status="PASS">
          <reporter-output>
          </reporter-output>
        </test-method> <!-- tearDown -->
        <test-method is-config="true" signature="setUp()[pri:0, instance:login.LoginTests@4f74980d]" started-at="2024-04-14T10:58:55Z" name="setUp" finished-at="2024-04-14T10:59:00Z" duration-ms="5128" status="PASS">
          <reporter-output>
          </reporter-output>
        </test-method> <!-- setUp -->
        <test-method signature="test06ExpectedWarningMessageWhenLoginCustomerWithEmptyPassword()[pri:0, instance:login.LoginTests@4f74980d]" started-at="2024-04-14T10:59:00Z" name="test06ExpectedWarningMessageWhenLoginCustomerWithEmptyPassword" finished-at="2024-04-14T10:59:01Z" duration-ms="1163" status="PASS">
          <reporter-output>
          </reporter-output>
        </test-method> <!-- test06ExpectedWarningMessageWhenLoginCustomerWithEmptyPassword -->
        <test-method is-config="true" signature="tearDown()[pri:0, instance:login.LoginTests@4f74980d]" started-at="2024-04-14T10:59:01Z" name="tearDown" finished-at="2024-04-14T10:59:02Z" duration-ms="221" status="PASS">
          <reporter-output>
          </reporter-output>
        </test-method> <!-- tearDown -->
        <test-method is-config="true" signature="setUp()[pri:0, instance:login.LoginTests@4f74980d]" started-at="2024-04-14T10:59:02Z" name="setUp" finished-at="2024-04-14T10:59:07Z" duration-ms="5347" status="PASS">
          <reporter-output>
          </reporter-output>
        </test-method> <!-- setUp -->
        <test-method signature="test07ExpectedWarningMessageWhenLoginCustomerWithInvalidCredentialsMultipleTimes()[pri:0, instance:login.LoginTests@4f74980d]" started-at="2024-04-14T10:59:07Z" name="test07ExpectedWarningMessageWhenLoginCustomerWithInvalidCredentialsMultipleTimes" finished-at="2024-04-14T10:59:08Z" duration-ms="784" status="FAIL">
          <exception class="java.lang.AssertionError">
            <message>
              <![CDATA[Error in the expected message for wrong login expected [Warning: Your account has exceeded allowed number of login attempts. Please try again in 1 hour.] but found [Warning: No match for E-Mail Address and/or Password.]]]>
            </message>
            <full-stacktrace>
              <![CDATA[java.lang.AssertionError: Error in the expected message for wrong login expected [Warning: Your account has exceeded allowed number of login attempts. Please try again in 1 hour.] but found [Warning: No match for E-Mail Address and/or Password.]
	at org.testng.Assert.fail(Assert.java:94)
	at org.testng.Assert.failNotEquals(Assert.java:494)
	at org.testng.Assert.assertEquals(Assert.java:123)
	at org.testng.Assert.assertEquals(Assert.java:176)
	at login.LoginTests.test07ExpectedWarningMessageWhenLoginCustomerWithInvalidCredentialsMultipleTimes(LoginTests.java:121)
	at java.base/jdk.internal.reflect.DirectMethodHandleAccessor.invoke(DirectMethodHandleAccessor.java:103)
	at java.base/java.lang.reflect.Method.invoke(Method.java:580)
	at org.testng.internal.MethodInvocationHelper.invokeMethod(MethodInvocationHelper.java:85)
	at org.testng.internal.Invoker.invokeMethod(Invoker.java:696)
	at org.testng.internal.Invoker.invokeTestMethod(Invoker.java:882)
	at org.testng.internal.Invoker.invokeTestMethods(Invoker.java:1189)
	at org.testng.internal.TestMethodWorker.invokeTestMethods(TestMethodWorker.java:124)
	at org.testng.internal.TestMethodWorker.run(TestMethodWorker.java:108)
	at org.testng.TestRunner.privateRun(TestRunner.java:767)
	at org.testng.TestRunner.run(TestRunner.java:617)
	at org.testng.SuiteRunner.runTest(SuiteRunner.java:348)
	at org.testng.SuiteRunner.runSequentially(SuiteRunner.java:343)
	at org.testng.SuiteRunner.privateRun(SuiteRunner.java:305)
	at org.testng.SuiteRunner.run(SuiteRunner.java:254)
	at org.testng.SuiteRunnerWorker.runSuite(SuiteRunnerWorker.java:52)
	at org.testng.SuiteRunnerWorker.run(SuiteRunnerWorker.java:86)
	at org.testng.TestNG.runSuitesSequentially(TestNG.java:1224)
	at org.testng.TestNG.runSuitesLocally(TestNG.java:1149)
	at org.testng.TestNG.run(TestNG.java:1057)
	at com.intellij.rt.testng.IDEARemoteTestNG.run(IDEARemoteTestNG.java:66)
	at com.intellij.rt.testng.RemoteTestNGStarter.main(RemoteTestNGStarter.java:105)
]]>
            </full-stacktrace>
          </exception> <!-- java.lang.AssertionError -->
          <reporter-output>
          </reporter-output>
        </test-method> <!-- test07ExpectedWarningMessageWhenLoginCustomerWithInvalidCredentialsMultipleTimes -->
        <test-method is-config="true" signature="tearDown()[pri:0, instance:login.LoginTests@4f74980d]" started-at="2024-04-14T10:59:08Z" name="tearDown" finished-at="2024-04-14T10:59:08Z" duration-ms="283" status="PASS">
          <reporter-output>
          </reporter-output>
        </test-method> <!-- tearDown -->
      </class> <!-- login.LoginTests -->
    </test> <!-- opencart1 -->
  </suite> <!-- Default Suite -->
</testng-results>
